Generated at 2015-05-21 09:56:21 -0700
Net::HTTPServerException: 412 "Precondition Failed"
/opt/chefdk/embedded/lib/ruby/2.1.0/net/http/response.rb:119:in `error!'
/opt/chefdk/embedded/lib/ruby/gems/2.1.0/gems/chef-12.3.0/lib/chef/http.rb:145:in `request'
/opt/chefdk/embedded/lib/ruby/gems/2.1.0/gems/chef-12.3.0/lib/chef/http.rb:126:in `post'
/opt/chefdk/embedded/lib/ruby/gems/2.1.0/gems/chef-12.3.0/lib/chef/policy_builder/expand_node_object.rb:182:in `sync_cookbooks'
/opt/chefdk/embedded/lib/ruby/gems/2.1.0/gems/chef-12.3.0/lib/chef/policy_builder/expand_node_object.rb:76:in `setup_run_context'
/opt/chefdk/embedded/lib/ruby/gems/2.1.0/gems/chef-12.3.0/lib/chef/client.rb:256:in `setup_run_context'
/opt/chefdk/embedded/lib/ruby/gems/2.1.0/gems/chef-12.3.0/lib/chef/client.rb:454:in `run'
/opt/chefdk/embedded/lib/ruby/gems/2.1.0/gems/chef-12.3.0/lib/chef/application.rb:271:in `block in fork_chef_client'
/opt/chefdk/embedded/lib/ruby/gems/2.1.0/gems/chef-12.3.0/lib/chef/application.rb:259:in `fork'
/opt/chefdk/embedded/lib/ruby/gems/2.1.0/gems/chef-12.3.0/lib/chef/application.rb:259:in `fork_chef_client'
/opt/chefdk/embedded/lib/ruby/gems/2.1.0/gems/chef-12.3.0/lib/chef/application.rb:225:in `block in run_chef_client'
/opt/chefdk/embedded/lib/ruby/gems/2.1.0/gems/chef-12.3.0/lib/chef/local_mode.rb:39:in `with_server_connectivity'
/opt/chefdk/embedded/lib/ruby/gems/2.1.0/gems/chef-12.3.0/lib/chef/application.rb:213:in `run_chef_client'
/opt/chefdk/embedded/lib/ruby/gems/2.1.0/gems/chef-12.3.0/lib/chef/application/client.rb:402:in `block in interval_run_chef_client'
/opt/chefdk/embedded/lib/ruby/gems/2.1.0/gems/chef-12.3.0/lib/chef/application/client.rb:392:in `loop'
/opt/chefdk/embedded/lib/ruby/gems/2.1.0/gems/chef-12.3.0/lib/chef/application/client.rb:392:in `interval_run_chef_client'
/opt/chefdk/embedded/lib/ruby/gems/2.1.0/gems/chef-12.3.0/lib/chef/application/client.rb:382:in `run_application'
/opt/chefdk/embedded/lib/ruby/gems/2.1.0/gems/chef-12.3.0/lib/chef/application.rb:60:in `run'
/opt/chefdk/embedded/lib/ruby/gems/2.1.0/gems/chef-12.3.0/bin/chef-client:26:in `<top (required)>'
/Users/scottford/.chefdk/gem/ruby/2.1.0/bin/chef-client:23:in `load'
/Users/scottford/.chefdk/gem/ruby/2.1.0/bin/chef-client:23:in `<main>'